#! /usr/bin/vvp
:ivl_version "12.0 (stable)";
:ivl_delay_selection "TYPICAL";
:vpi_time_precision - 12;
:vpi_module "/usr/lib/x86_64-linux-gnu/ivl/system.vpi";
:vpi_module "/usr/lib/x86_64-linux-gnu/ivl/vhdl_sys.vpi";
:vpi_module "/usr/lib/x86_64-linux-gnu/ivl/vhdl_textio.vpi";
:vpi_module "/usr/lib/x86_64-linux-gnu/ivl/v2005_math.vpi";
:vpi_module "/usr/lib/x86_64-linux-gnu/ivl/va_math.vpi";
S_0x62223950b2d0 .scope module, "control_unit_tb" "control_unit_tb" 2 3;
 .timescale -9 -12;
v0x622239525b20_0 .net "ALUOp", 1 0, v0x6222394f9b90_0;  1 drivers
v0x622239525c00_0 .net "ALUSrc", 0 0, v0x622239525410_0;  1 drivers
v0x622239525cd0_0 .net "Branch", 0 0, v0x6222395254d0_0;  1 drivers
v0x622239525dd0_0 .net "MemRead", 0 0, v0x6222395255a0_0;  1 drivers
v0x622239525ea0_0 .net "MemWrite", 0 0, v0x622239525660_0;  1 drivers
v0x622239525f40_0 .net "MemtoReg", 0 0, v0x622239525770_0;  1 drivers
v0x622239526010_0 .net "RegWrite", 0 0, v0x622239525830_0;  1 drivers
v0x6222395260e0_0 .var "opcode", 6 0;
S_0x62223950b460 .scope module, "uut" "control_unit" 2 15, 3 1 0, S_0x62223950b2d0;
 .timescale 0 0;
    .port_info 0 /INPUT 7 "opcode";
    .port_info 1 /OUTPUT 1 "RegWrite";
    .port_info 2 /OUTPUT 1 "MemRead";
    .port_info 3 /OUTPUT 1 "MemWrite";
    .port_info 4 /OUTPUT 1 "ALUSrc";
    .port_info 5 /OUTPUT 1 "MemtoReg";
    .port_info 6 /OUTPUT 1 "Branch";
    .port_info 7 /OUTPUT 2 "ALUOp";
v0x6222394f9b90_0 .var "ALUOp", 1 0;
v0x622239525410_0 .var "ALUSrc", 0 0;
v0x6222395254d0_0 .var "Branch", 0 0;
v0x6222395255a0_0 .var "MemRead", 0 0;
v0x622239525660_0 .var "MemWrite", 0 0;
v0x622239525770_0 .var "MemtoReg", 0 0;
v0x622239525830_0 .var "RegWrite", 0 0;
v0x6222395258f0_0 .net "opcode", 6 0, v0x6222395260e0_0;  1 drivers
E_0x622239505f10 .event anyedge, v0x6222395258f0_0;
    .scope S_0x62223950b460;
T_0 ;
    %wait E_0x622239505f10;
    %pushi/vec4 0, 0, 1;
    %store/vec4 v0x622239525830_0, 0, 1;
    %pushi/vec4 0, 0, 1;
    %store/vec4 v0x6222395255a0_0, 0, 1;
    %pushi/vec4 0, 0, 1;
    %store/vec4 v0x622239525660_0, 0, 1;
    %pushi/vec4 0, 0, 1;
    %store/vec4 v0x622239525410_0, 0, 1;
    %pushi/vec4 0, 0, 1;
    %store/vec4 v0x622239525770_0, 0, 1;
    %pushi/vec4 0, 0, 1;
    %store/vec4 v0x6222395254d0_0, 0, 1;
    %pushi/vec4 0, 0, 2;
    %store/vec4 v0x6222394f9b90_0, 0, 2;
    %load/vec4 v0x6222395258f0_0;
    %dup/vec4;
    %pushi/vec4 51, 0, 7;
    %cmp/u;
    %jmp/1 T_0.0, 6;
    %dup/vec4;
    %pushi/vec4 19, 0, 7;
    %cmp/u;
    %jmp/1 T_0.1, 6;
    %dup/vec4;
    %pushi/vec4 3, 0, 7;
    %cmp/u;
    %jmp/1 T_0.2, 6;
    %dup/vec4;
    %pushi/vec4 35, 0, 7;
    %cmp/u;
    %jmp/1 T_0.3, 6;
    %dup/vec4;
    %pushi/vec4 99, 0, 7;
    %cmp/u;
    %jmp/1 T_0.4, 6;
    %pushi/vec4 0, 0, 1;
    %store/vec4 v0x622239525830_0, 0, 1;
    %pushi/vec4 0, 0, 1;
    %store/vec4 v0x6222395255a0_0, 0, 1;
    %pushi/vec4 0, 0, 1;
    %store/vec4 v0x622239525660_0, 0, 1;
    %pushi/vec4 0, 0, 1;
    %store/vec4 v0x622239525410_0, 0, 1;
    %pushi/vec4 0, 0, 1;
    %store/vec4 v0x622239525770_0, 0, 1;
    %pushi/vec4 0, 0, 1;
    %store/vec4 v0x6222395254d0_0, 0, 1;
    %pushi/vec4 0, 0, 2;
    %store/vec4 v0x6222394f9b90_0, 0, 2;
    %jmp T_0.6;
T_0.0 ;
    %pushi/vec4 1, 0, 1;
    %store/vec4 v0x622239525830_0, 0, 1;
    %pushi/vec4 0, 0, 1;
    %store/vec4 v0x622239525410_0, 0, 1;
    %pushi/vec4 2, 0, 2;
    %store/vec4 v0x6222394f9b90_0, 0, 2;
    %jmp T_0.6;
T_0.1 ;
    %pushi/vec4 1, 0, 1;
    %store/vec4 v0x622239525830_0, 0, 1;
    %pushi/vec4 1, 0, 1;
    %store/vec4 v0x622239525410_0, 0, 1;
    %pushi/vec4 3, 0, 2;
    %store/vec4 v0x6222394f9b90_0, 0, 2;
    %jmp T_0.6;
T_0.2 ;
    %pushi/vec4 1, 0, 1;
    %store/vec4 v0x622239525830_0, 0, 1;
    %pushi/vec4 1, 0, 1;
    %store/vec4 v0x6222395255a0_0, 0, 1;
    %pushi/vec4 1, 0, 1;
    %store/vec4 v0x622239525410_0, 0, 1;
    %pushi/vec4 1, 0, 1;
    %store/vec4 v0x622239525770_0, 0, 1;
    %pushi/vec4 0, 0, 2;
    %store/vec4 v0x6222394f9b90_0, 0, 2;
    %jmp T_0.6;
T_0.3 ;
    %pushi/vec4 1, 0, 1;
    %store/vec4 v0x622239525660_0, 0, 1;
    %pushi/vec4 1, 0, 1;
    %store/vec4 v0x622239525410_0, 0, 1;
    %pushi/vec4 0, 0, 2;
    %store/vec4 v0x6222394f9b90_0, 0, 2;
    %jmp T_0.6;
T_0.4 ;
    %pushi/vec4 1, 0, 1;
    %store/vec4 v0x6222395254d0_0, 0, 1;
    %pushi/vec4 1, 0, 2;
    %store/vec4 v0x6222394f9b90_0, 0, 2;
    %jmp T_0.6;
T_0.6 ;
    %pop/vec4 1;
    %jmp T_0;
    .thread T_0, $push;
    .scope S_0x62223950b2d0;
T_1 ;
    %vpi_call 2 27 "$display", "Opcode\011\011RegWrite MemRead MemWrite ALUSrc MemtoReg Branch ALUOp" {0 0 0};
    %pushi/vec4 51, 0, 7;
    %store/vec4 v0x6222395260e0_0, 0, 7;
    %delay 10000, 0;
    %vpi_call 2 30 "$display", "%b\011%b\011 %b\011 %b\011   %b\011    %b\011    %b\011   %b", v0x6222395260e0_0, v0x622239526010_0, v0x622239525dd0_0, v0x622239525ea0_0, v0x622239525c00_0, v0x622239525f40_0, v0x622239525cd0_0, v0x622239525b20_0 {0 0 0};
    %pushi/vec4 19, 0, 7;
    %store/vec4 v0x6222395260e0_0, 0, 7;
    %delay 10000, 0;
    %vpi_call 2 34 "$display", "%b\011%b\011 %b\011 %b\011   %b\011    %b\011    %b\011   %b", v0x6222395260e0_0, v0x622239526010_0, v0x622239525dd0_0, v0x622239525ea0_0, v0x622239525c00_0, v0x622239525f40_0, v0x622239525cd0_0, v0x622239525b20_0 {0 0 0};
    %pushi/vec4 3, 0, 7;
    %store/vec4 v0x6222395260e0_0, 0, 7;
    %delay 10000, 0;
    %vpi_call 2 38 "$display", "%b\011%b\011 %b\011 %b\011   %b\011    %b\011    %b\011   %b", v0x6222395260e0_0, v0x622239526010_0, v0x622239525dd0_0, v0x622239525ea0_0, v0x622239525c00_0, v0x622239525f40_0, v0x622239525cd0_0, v0x622239525b20_0 {0 0 0};
    %pushi/vec4 35, 0, 7;
    %store/vec4 v0x6222395260e0_0, 0, 7;
    %delay 10000, 0;
    %vpi_call 2 42 "$display", "%b\011%b\011 %b\011 %b\011   %b\011    %b\011    %b\011   %b", v0x6222395260e0_0, v0x622239526010_0, v0x622239525dd0_0, v0x622239525ea0_0, v0x622239525c00_0, v0x622239525f40_0, v0x622239525cd0_0, v0x622239525b20_0 {0 0 0};
    %pushi/vec4 99, 0, 7;
    %store/vec4 v0x6222395260e0_0, 0, 7;
    %delay 10000, 0;
    %vpi_call 2 46 "$display", "%b\011%b\011 %b\011 %b\011   %b\011    %b\011    %b\011   %b", v0x6222395260e0_0, v0x622239526010_0, v0x622239525dd0_0, v0x622239525ea0_0, v0x622239525c00_0, v0x622239525f40_0, v0x622239525cd0_0, v0x622239525b20_0 {0 0 0};
    %vpi_call 2 49 "$finish" {0 0 0};
    %end;
    .thread T_1;
# The file index is used to find the file name in the following table.
:file_names 4;
    "N/A";
    "<interactive>";
    "control_unit_tb.v";
    "control_unit.v";
